<?xml version="1.0" encoding="UTF-8"?>
<!-- Generated by org.testng.reporters.JUnitXMLReporter -->
<testsuite ignored="0" hostname="DESKTOP-KO6OCH7" failures="2" tests="3" name="Default test(failed)" time="40.182" errors="0" timestamp="2023-07-02T17:25:26 IST">
  <testcase classname="workingwithTestNg.TestNgFirstProgram" name="easeMyTrip" time="40.124"/>
  <testcase classname="workingwithTestNg.TestNgFirstProgram" name="irctc" time="0.002">
    <failure type="java.lang.ArithmeticException" message="/ by zero">
      <![CDATA[java.lang.ArithmeticException: / by zero
at workingwithTestNg.TestNgFirstProgram.irctc(TestNgFirstProgram.java:14)
at java.base/java.util.ArrayList.forEach(ArrayList.java:1511)
... Removed 27 stack frames]]>
    </failure>
  </testcase> <!-- irctc -->
  <testcase classname="workingwithTestNg.TestNgFirstProgram" name="makeMyTrip" time="0.002">
    <failure type="java.lang.ArithmeticException" message="/ by zero">
      <![CDATA[java.lang.ArithmeticException: / by zero
at workingwithTestNg.TestNgFirstProgram.makeMyTrip(TestNgFirstProgram.java:26)
at java.base/java.util.ArrayList.forEach(ArrayList.java:1511)
... Removed 27 stack frames]]>
    </failure>
  </testcase> <!-- makeMyTrip -->
</testsuite> <!-- Default test(failed) -->
