<?xml version="1.0" encoding="UTF-8"?>
<!-- Generated by org.testng.reporters.JUnitXMLReporter -->
<testsuite ignored="0" hostname="DESKTOP-KO6OCH7" failures="1" tests="2" name="HaircareTest" time="36.73" errors="0" timestamp="2023-05-12T14:03:55 IST">
  <testcase classname="hairProduct.Test_Loreal_02" name="lorealhair" time="36.674"/>
  <testcase classname="hairProduct.Test_sunsilk_01" name="sunsilkhair" time="0.001">
    <failure type="java.lang.ArithmeticException" message="/ by zero">
      <![CDATA[java.lang.ArithmeticException: / by zero
at hairProduct.Test_sunsilk_01.sunsilkhair(Test_sunsilk_01.java:10)
at java.base/java.util.ArrayList.forEach(ArrayList.java:1511)
... Removed 27 stack frames]]>
    </failure>
  </testcase> <!-- sunsilkhair -->
</testsuite> <!-- HaircareTest -->
