<?xml version="1.0" encoding="UTF-8"?>
<!-- Generated by org.testng.reporters.JUnitXMLReporter -->
<testsuite ignored="1" hostname="DESKTOP-KO6OCH7" failures="1" tests="2" name="Default test(failed)(failed)" time="45.615" errors="0" timestamp="2023-07-02T17:28:17 IST">
  <testcase classname="workingwithTestNg.TestNgFirstProgram" name="irctc" time="0.013">
    <failure type="java.lang.ArithmeticException" message="/ by zero">
      <![CDATA[java.lang.ArithmeticException: / by zero
at workingwithTestNg.TestNgFirstProgram.irctc(TestNgFirstProgram.java:14)
at java.base/java.util.ArrayList.forEach(ArrayList.java:1511)
... Removed 27 stack frames]]>
    </failure>
  </testcase> <!-- irctc -->
  <testcase classname="workingwithTestNg.TestNgFirstProgram" name="makeMyTrip" time="45.536"/>
  <testcase classname="workingwithTestNg.TestNgFirstProgram" name="easeMyTrip" time="0.0">
    <ignored/>
  </testcase> <!-- easeMyTrip -->
</testsuite> <!-- Default test(failed)(failed) -->
