<?xml version="1.0" encoding="UTF-8"?>
<!-- Generated by org.testng.reporters.JUnitXMLReporter -->
<testsuite ignored="2" hostname="DESKTOP-KO6OCH7" failures="0" tests="1" name="Default test(failed)(failed)(failed)" time="78.912" errors="0" timestamp="2023-07-02T17:22:50 IST">
  <testcase classname="workingwithTestNg.TestNgFirstProgram" name="irctc" time="78.864"/>
  <testcase classname="workingwithTestNg.TestNgFirstProgram" name="easeMyTrip" time="0.0">
    <ignored/>
  </testcase> <!-- easeMyTrip -->
  <testcase classname="workingwithTestNg.TestNgFirstProgram" name="makeMyTrip" time="0.0">
    <ignored/>
  </testcase> <!-- makeMyTrip -->
</testsuite> <!-- Default test(failed)(failed)(failed) -->
